<?xml version="1.0" encoding="UTF-8"?>
<!-- Generated by org.testng.reporters.JUnitXMLReporter -->
<testsuite hostname="Chichul" ignored="0" name="dependsOnMethodS" tests="3" failures="1" timestamp="23 Sep 2018 06:46:47 GMT" time="0.047" errors="0">
  <testcase name="LogIn" time="0.016" classname="testNGPack.DependsOnMethodInTestNg">
    <failure type="java.lang.AssertionError" message="expected [false] but found [true]">
      <![CDATA[java.lang.AssertionError: expected [false] but found [true]
at testNGPack.DependsOnMethodInTestNg.LogIn(DependsOnMethodInTestNg.java:12)
... Removed 29 stack frames]]>
    </failure>
  </testcase> <!-- LogIn -->
  <testcase name="LogOut" time="0.0" classname="testNGPack.DependsOnMethodInTestNg">
    <skipped/>
  </testcase> <!-- LogOut -->
  <testcase name="Test" time="0.0" classname="testNGPack.DependsOnMethodInTestNg">
    <skipped/>
  </testcase> <!-- Test -->
</testsuite> <!-- dependsOnMethodS -->
