<?xml version="1.0" encoding="UTF-8"?>
<!-- Generated by org.testng.reporters.JUnitXMLReporter -->
<testsuite hostname="Chichul" ignored="2" name="groupsTestNG" tests="2" failures="0" timestamp="23 Sep 2018 06:46:47 GMT" time="0.016" errors="0">
  <testcase name="Test1" time="0.016" classname="testNGPack.GourpInTestNG"/>
  <testcase name="Test2" time="0.0" classname="testNGPack.GourpInTestNG"/>
  <testcase name="Test3" time="0.0" classname="testNGPack.GourpInTestNG">
    <ignored/>
  </testcase> <!-- Test3 -->
  <testcase name="Test4" time="0.0" classname="testNGPack.GourpInTestNG">
    <ignored/>
  </testcase> <!-- Test4 -->
</testsuite> <!-- groupsTestNG -->
