<?xml version="1.0" encoding="UTF-8"?>
<!-- Generated by org.testng.reporters.JUnitXMLReporter -->
<testsuite ignored="1" hostname="LAPTOP-9TPAEKJH" failures="0" tests="3" name="Default test" time="0.029" errors="0" timestamp="2022-04-12T09:39:39 IST">
  <testcase classname="testNGPack.DataPorviderIntestNg" name="test" time="0.004"/>
  <testcase classname="testNGPack.DataPorviderIntestNg" name="test" time="0.001"/>
  <testcase classname="testNGPack.DataPorviderIntestNg" name="test" time="0.0"/>
  <testcase classname="testNGPack.DataPorviderIntestNg" name="test1" time="0.0">
    <ignored/>
  </testcase> <!-- test1 -->
</testsuite> <!-- Default test -->
