<?xml version="1.0" encoding="UTF-8"?>
<testng-results skipped="0" failed="0" ignored="0" total="3" passed="3">
  <reporter-output>
  </reporter-output>
  <suite name="Default suite" duration-ms="31093" started-at="2020-10-11T18:45:30 IST" finished-at="2020-10-11T18:46:01 IST">
    <groups>
      <group name="cucumber">
        <method signature="AbstractTestNGCucumberTests.runScenario(io.cucumber.testng.PickleWrapper, io.cucumber.testng.FeatureWrapper)[pri:0, instance:com.cucumber.FacebookRunner@23d2a7e8]" name="runScenario" class="io.cucumber.testng.AbstractTestNGCucumberTests"/>
      </group> <!-- cucumber -->
    </groups>
    <test name="Default test" duration-ms="31093" started-at="2020-10-11T18:45:30 IST" finished-at="2020-10-11T18:46:01 IST">
      <class name="com.cucumber.FacebookRunner">
        <test-method status="PASS" signature="setUpClass()[pri:0, instance:com.cucumber.FacebookRunner@23d2a7e8]" name="setUpClass" is-config="true" duration-ms="338" started-at="2020-10-11T18:45:30 IST" finished-at="2020-10-11T18:45:31 IST">
          <reporter-output>
          </reporter-output>
        </test-method> <!-- setUpClass -->
        <test-method status="PASS" signature="runScenario(io.cucumber.testng.PickleWrapper, io.cucumber.testng.FeatureWrapper)[pri:0, instance:com.cucumber.FacebookRunner@23d2a7e8]" name="runScenario" duration-ms="14898" started-at="2020-10-11T18:45:31 IST" description="Runs Cucumber Scenarios" data-provider="scenarios" finished-at="2020-10-11T18:45:46 IST">
          <params>
            <param index="0">
              <value>
                <![CDATA["scenario description"]]>
              </value>
            </param>
            <param index="1">
              <value>
                <![CDATA["Login into facebook application"]]>
              </value>
            </param>
          </params>
          <reporter-output>
          </reporter-output>
        </test-method> <!-- runScenario -->
        <test-method status="PASS" signature="runScenario(io.cucumber.testng.PickleWrapper, io.cucumber.testng.FeatureWrapper)[pri:0, instance:com.cucumber.FacebookRunner@23d2a7e8]" name="runScenario" duration-ms="9540" started-at="2020-10-11T18:45:46 IST" description="Runs Cucumber Scenarios" data-provider="scenarios" finished-at="2020-10-11T18:45:55 IST">
          <params>
            <param index="0">
              <value>
                <![CDATA["scenario description"]]>
              </value>
            </param>
            <param index="1">
              <value>
                <![CDATA["Login into facebook application"]]>
              </value>
            </param>
          </params>
          <reporter-output>
          </reporter-output>
        </test-method> <!-- runScenario -->
        <test-method status="PASS" signature="runScenario(io.cucumber.testng.PickleWrapper, io.cucumber.testng.FeatureWrapper)[pri:0, instance:com.cucumber.FacebookRunner@23d2a7e8]" name="runScenario" duration-ms="6251" started-at="2020-10-11T18:45:55 IST" description="Runs Cucumber Scenarios" data-provider="scenarios" finished-at="2020-10-11T18:46:01 IST">
          <params>
            <param index="0">
              <value>
                <![CDATA["To check the list of string values"]]>
              </value>
            </param>
            <param index="1">
              <value>
                <![CDATA["Login into facebook application"]]>
              </value>
            </param>
          </params>
          <reporter-output>
          </reporter-output>
        </test-method> <!-- runScenario -->
        <test-method status="PASS" signature="tearDownClass()[pri:0, instance:com.cucumber.FacebookRunner@23d2a7e8]" name="tearDownClass" is-config="true" duration-ms="0" started-at="2020-10-11T18:46:01 IST" finished-at="2020-10-11T18:46:01 IST">
          <reporter-output>
          </reporter-output>
        </test-method> <!-- tearDownClass -->
      </class> <!-- com.cucumber.FacebookRunner -->
    </test> <!-- Default test -->
  </suite> <!-- Default suite -->
</testng-results>
