<?xml version="1.0" encoding="UTF-8"?>
<testng-results skipped="0" failed="0" ignored="0" total="1" passed="1">
  <reporter-output>
  </reporter-output>
  <suite name="Default suite" duration-ms="12217" started-at="2020-09-13T19:56:19 IST" finished-at="2020-09-13T19:56:31 IST">
    <groups>
    </groups>
    <test name="Default test" duration-ms="12217" started-at="2020-09-13T19:56:19 IST" finished-at="2020-09-13T19:56:31 IST">
      <class name="steps.WebdriverManagerCheck">
        <test-method status="PASS" signature="webDriveManage()[pri:0, instance:steps.WebdriverManagerCheck@76b0bfab]" name="webDriveManage" duration-ms="12162" started-at="2020-09-13T19:56:19 IST" finished-at="2020-09-13T19:56:31 IST">
          <reporter-output>
          </reporter-output>
        </test-method> <!-- webDriveManage -->
      </class> <!-- steps.WebdriverManagerCheck -->
    </test> <!-- Default test -->
  </suite> <!-- Default suite -->
</testng-results>
